2026-07-22 21:35:31  [INFO    ]  data_preprocessing  --  Downloading NLTK resource: punkt
2026-07-22 21:35:50  [INFO    ]  data_preprocessing  --  Downloading NLTK resource: punkt_tab
2026-07-22 21:35:53  [INFO    ]  data_preprocessing  --  Downloading NLTK resource: stopwords
2026-07-22 21:35:54  [INFO    ]  data_preprocessing  --  Downloading NLTK resource: wordnet
2026-07-22 21:36:01  [INFO    ]  data_preprocessing  --  Dataset not found locally. Attempting download ...
2026-07-22 21:36:01  [INFO    ]  data_preprocessing  --  Trying --> https://raw.githubusercontent.com/mohitgupta-omg/Kaggle-SMS-Spam-Collection-Dataset/master/spam.csv
2026-07-22 21:36:01  [WARNING ]  data_preprocessing  --  Failed (https://raw.githubusercontent.com/mohitgupta-omg/Kaggle-SMS-Spam-Collection-Dataset/master/spam.csv): HTTP Error 404: Not Found
2026-07-22 21:36:01  [INFO    ]  data_preprocessing  --  Trying --> https://raw.githubusercontent.com/dsrscientist/dataset1/master/smsspamcollection/spam.csv
2026-07-22 21:36:02  [WARNING ]  data_preprocessing  --  Failed (https://raw.githubusercontent.com/dsrscientist/dataset1/master/smsspamcollection/spam.csv): HTTP Error 404: Not Found
2026-07-22 21:36:02  [WARNING ]  data_preprocessing  --  Creating synthetic dataset as fallback ...
2026-07-22 21:36:02  [INFO    ]  data_preprocessing  --  Synthetic dataset saved --> C:\Users\DELL\Documents\ml project\Spam-Mail-Detection\dataset\spam.csv  (1600 rows)
2026-07-22 21:36:02  [INFO    ]  data_preprocessing  --  Loading dataset from C:\Users\DELL\Documents\ml project\Spam-Mail-Detection\dataset\spam.csv
2026-07-22 21:36:02  [INFO    ]  data_preprocessing  --  Dataset loaded -- 1600 rows, 2 columns
2026-07-22 21:36:03  [INFO    ]  data_preprocessing  --  After dropna        : 1600 rows
2026-07-22 21:36:03  [INFO    ]  data_preprocessing  --  After empty removal : 1600 rows
2026-07-22 21:36:03  [INFO    ]  data_preprocessing  --  After dedup         : 40 rows
2026-07-22 21:36:03  [INFO    ]  data_preprocessing  --  Cleaning text ... (this may take a moment)
2026-07-22 21:36:03  [INFO    ]  data_preprocessing  --  Downloading NLTK resource: wordnet
2026-07-22 21:36:03  [INFO    ]  data_preprocessing  --  Text cleaning complete.
2026-07-22 21:36:04  [INFO    ]  data_preprocessing  --  Chart saved --> C:\Users\DELL\Documents\ml project\Spam-Mail-Detection\notebooks\01_class_distribution.png
2026-07-22 21:36:05  [INFO    ]  data_preprocessing  --  Chart saved --> C:\Users\DELL\Documents\ml project\Spam-Mail-Detection\notebooks\02_message_length_dist.png
2026-07-22 21:36:06  [INFO    ]  data_preprocessing  --  Chart saved --> C:\Users\DELL\Documents\ml project\Spam-Mail-Detection\notebooks\03_word_count_dist.png
2026-07-22 21:36:08  [INFO    ]  data_preprocessing  --  Chart saved --> C:\Users\DELL\Documents\ml project\Spam-Mail-Detection\notebooks\04_wordcloud_spam.png
2026-07-22 21:36:11  [INFO    ]  data_preprocessing  --  Chart saved --> C:\Users\DELL\Documents\ml project\Spam-Mail-Detection\notebooks\05_wordcloud_ham.png
2026-07-22 21:36:12  [INFO    ]  data_preprocessing  --  Chart saved --> C:\Users\DELL\Documents\ml project\Spam-Mail-Detection\notebooks\06_top20_words_spam.png
2026-07-22 21:36:12  [INFO    ]  data_preprocessing  --  Chart saved --> C:\Users\DELL\Documents\ml project\Spam-Mail-Detection\notebooks\07_top20_words_ham.png
2026-07-22 21:36:14  [INFO    ]  data_preprocessing  --  TF-IDF vectorisation complete.
